SF:lib/home_page.dart
DA:17,0
DA:19,0
DA:20,0
DA:24,0
DA:26,0
DA:31,0
DA:33,0
DA:34,0
DA:35,0
DA:36,0
DA:37,0
DA:39,0
DA:40,0
DA:41,0
DA:49,0
DA:51,0
DA:53,0
DA:54,0
DA:55,0
DA:56,0
DA:57,0
DA:58,0
DA:59,0
DA:60,0
DA:61,0
DA:63,0
DA:64,0
DA:67,0
DA:69,0
DA:70,0
DA:71,0
DA:72,0
DA:73,0
DA:74,0
DA:80,0
DA:81,0
DA:83,0
DA:97,1
DA:98,1
DA:107,0
DA:108,0
DA:112,1
DA:113,1
DA:114,4
LF:44
LH:5
end_of_record
SF:lib/base_page/base_page.dart
DA:4,0
DA:11,0
DA:13,0
DA:14,0
DA:15,0
LF:5
LH:0
end_of_record
SF:lib/news_details_page.dart
DA:9,0
DA:11,0
DA:12,0
DA:18,0
DA:22,0
DA:24,0
DA:29,0
DA:31,0
DA:32,0
DA:33,0
DA:34,0
DA:35,0
DA:36,0
DA:44,0
DA:46,0
DA:48,0
DA:49,0
DA:51,0
DA:52,0
DA:53,0
DA:54,0
DA:55,0
DA:59,0
DA:60,0
DA:77,0
LF:25
LH:0
end_of_record
SF:lib/router.dart
DA:6,0
DA:7,0
DA:8,0
DA:9,0
DA:10,0
DA:11,0
DA:13,0
DA:14,0
DA:19,0
DA:21,0
LF:10
LH:0
end_of_record
SF:lib/main.dart
DA:5,0
DA:7,0
DA:8,0
DA:9,0
DA:10,0
DA:14,1
DA:17,0
DA:19,0
DA:21,0
LF:9
LH:1
end_of_record
